<?xml version="1.0" encoding="UTF-8"?>
<testsuite name="com.meteroid.MeteroidClientTest" tests="9" skipped="0" failures="0" errors="0" timestamp="2026-01-21T00:59:59.471Z" hostname="fedora" time="0.867">
  <properties/>
  <testcase name="testRequestIdHeaderIsAdded" classname="com.meteroid.MeteroidClientTest" time="0.356"/>
  <testcase name="testSuccessfulPostRequest" classname="com.meteroid.MeteroidClientTest" time="0.028"/>
  <testcase name="testRetryOn500Error" classname="com.meteroid.MeteroidClientTest" time="0.066"/>
  <testcase name="test4xxErrorsAreNotRetried" classname="com.meteroid.MeteroidClientTest" time="0.012"/>
  <testcase name="testCustomIdempotencyKey" classname="com.meteroid.MeteroidClientTest" time="0.013"/>
  <testcase name="testSuccessfulGetRequest" classname="com.meteroid.MeteroidClientTest" time="0.008"/>
  <testcase name="testMaxRetriesExhausted" classname="com.meteroid.MeteroidClientTest" time="0.364"/>
  <testcase name="testBinaryRequest" classname="com.meteroid.MeteroidClientTest" time="0.013"/>
  <testcase name="test204NoContentReturnsNull" classname="com.meteroid.MeteroidClientTest" time="0.007"/>
  <system-out><![CDATA[]]></system-out>
  <system-err><![CDATA[SLF4J: Failed to load class "org.slf4j.impl.StaticLoggerBinder".
SLF4J: Defaulting to no-operation (NOP) logger implementation
SLF4J: See http://www.slf4j.org/codes.html#StaticLoggerBinder for further details.
]]></system-err>
</testsuite>
